This is pdfTeX, Version 3.141592653-2.6-1.40.23 (TeX Live 2022/dev) (preloaded format=pdflatex 2022.1.18)  13 MAY 2022 13:58
entering extended mode
 restricted \write18 enabled.
 file:line:error style messages enabled.
 %&-line parsing enabled.
**PyMan.tex
(./PyMan.tex
LaTeX2e <2021-11-15> patch level 1
L3 programming layer <2022-01-12> (./sphinxmanual.cls
Document Class: sphinxmanual 2019/12/01 v2.3.0 Document class (Sphinx manual)
(/usr/local/texlive/2021/texmf-dist/tex/latex/base/report.cls
Document Class: report 2021/10/04 v1.4n Standard LaTeX document class
(/usr/local/texlive/2021/texmf-dist/tex/latex/base/size10.clo
File: size10.clo 2021/10/04 v1.4n Standard LaTeX file (size option)
)
\c@part=\count185
\c@chapter=\count186
\c@section=\count187
\c@subsection=\count188
\c@subsubsection=\count189
\c@paragraph=\count190
\c@subparagraph=\count191
\c@figure=\count192
\c@table=\count193
\abovecaptionskip=\skip47
\belowcaptionskip=\skip48
\bibindent=\dimen138
)
LaTeX Info: Redefining \and on input line 35.
)
(/usr/local/texlive/2021/texmf-dist/tex/latex/base/inputenc.sty
Package: inputenc 2021/02/14 v1.3d Input encoding file
\inpenc@prehook=\toks16
\inpenc@posthook=\toks17
)
   defining Unicode char U+00A0 (decimal 160)
   defining Unicode char U+2500 (decimal 9472)
   defining Unicode char U+2502 (decimal 9474)
   defining Unicode char U+2514 (decimal 9492)
   defining Unicode char U+251C (decimal 9500)
   defining Unicode char U+2572 (decimal 9586)

(/usr/local/texlive/2021/texmf-dist/tex/latex/cmap/cmap.sty
Package: cmap 2021/02/06 v1.0j CMap support: searchable PDF
)
(/usr/local/texlive/2021/texmf-dist/tex/latex/base/fontenc.sty
Package: fontenc 2021/04/29 v2.0v Standard LaTeX package
<<t1.cmap>>)
(/usr/local/texlive/2021/texmf-dist/tex/latex/amsmath/amsmath.sty
Package: amsmath 2021/10/15 v2.17l AMS math features
\@mathmargin=\skip49

For additional information on amsmath, use the `?' option.
(/usr/local/texlive/2021/texmf-dist/tex/latex/amsmath/amstext.sty
Package: amstext 2021/08/26 v2.01 AMS text

(/usr/local/texlive/2021/texmf-dist/tex/latex/amsmath/amsgen.sty
File: amsgen.sty 1999/11/30 v2.0 generic functions
\@emptytoks=\toks18
\ex@=\dimen139
))
(/usr/local/texlive/2021/texmf-dist/tex/latex/amsmath/amsbsy.sty
Package: amsbsy 1999/11/29 v1.2d Bold Symbols
\pmbraise@=\dimen140
)
(/usr/local/texlive/2021/texmf-dist/tex/latex/amsmath/amsopn.sty
Package: amsopn 2021/08/26 v2.02 operator names
)
\inf@bad=\count194
LaTeX Info: Redefining \frac on input line 234.
\uproot@=\count195
\leftroot@=\count196
LaTeX Info: Redefining \overline on input line 399.
\classnum@=\count197
\DOTSCASE@=\count198
LaTeX Info: Redefining \ldots on input line 496.
LaTeX Info: Redefining \dots on input line 499.
LaTeX Info: Redefining \cdots on input line 620.
\Mathstrutbox@=\box50
\strutbox@=\box51
\big@size=\dimen141
LaTeX Font Info:    Redeclaring font encoding OML on input line 743.
LaTeX Font Info:    Redeclaring font encoding OMS on input line 744.
\macc@depth=\count199
\c@MaxMatrixCols=\count266
\dotsspace@=\muskip16
\c@parentequation=\count267
\dspbrk@lvl=\count268
\tag@help=\toks19
\row@=\count269
\column@=\count270
\maxfields@=\count271
\andhelp@=\toks20
\eqnshift@=\dimen142
\alignsep@=\dimen143
\tagshift@=\dimen144
\tagwidth@=\dimen145
\totwidth@=\dimen146
\lineht@=\dimen147
\@envbody=\toks21
\multlinegap=\skip50
\multlinetaggap=\skip51
\mathdisplay@stack=\toks22
LaTeX Info: Redefining \[ on input line 2938.
LaTeX Info: Redefining \] on input line 2939.
)
(/usr/local/texlive/2021/texmf-dist/tex/latex/amsfonts/amssymb.sty
Package: amssymb 2013/01/14 v3.01 AMS font symbols

(/usr/local/texlive/2021/texmf-dist/tex/latex/amsfonts/amsfonts.sty
Package: amsfonts 2013/01/14 v3.01 Basic AMSFonts support
\symAMSa=\mathgroup4
\symAMSb=\mathgroup5
LaTeX Font Info:    Redeclaring math symbol \hbar on input line 98.
LaTeX Font Info:    Overwriting math alphabet `\mathfrak' in version `bold'
(Font)                  U/euf/m/n --> U/euf/b/n on input line 106.
))
(/usr/local/texlive/2021/texmf-dist/tex/generic/babel/babel.sty
Package: babel 2021/12/30 3.69 The Babel package
\babel@savecnt=\count272
\U@D=\dimen148
\l@unhyphenated=\language87

(/usr/local/texlive/2021/texmf-dist/tex/generic/babel/txtbabel.def)
\bbl@readstream=\read2
\bbl@dirlevel=\count273

(/usr/local/texlive/2021/texmf-dist/tex/generic/babel-english/english.ldf
Language: english 2017/06/06 v3.3r English support from the babel system
Package babel Info: Hyphen rules for 'canadian' set to \l@english
(babel)             (\language0). Reported on input line 102.
Package babel Info: Hyphen rules for 'australian' set to \l@ukenglish
(babel)             (\language21). Reported on input line 105.
Package babel Info: Hyphen rules for 'newzealand' set to \l@ukenglish
(babel)             (\language21). Reported on input line 108.
))
(/usr/local/texlive/2021/texmf-dist/tex/latex/tex-gyre/tgtermes.sty
Package: tgtermes 2009/09/27 v1.2 TeX Gyre Termes as default roman family

(/usr/local/texlive/2021/texmf-dist/tex/latex/kvoptions/kvoptions.sty
Package: kvoptions 2020-10-07 v3.14 Key value format for package options (HO)

(/usr/local/texlive/2021/texmf-dist/tex/latex/graphics/keyval.sty
Package: keyval 2014/10/28 v1.15 key=value parser (DPC)
\KV@toks@=\toks23
)
(/usr/local/texlive/2021/texmf-dist/tex/generic/ltxcmds/ltxcmds.sty
Package: ltxcmds 2020-05-10 v1.25 LaTeX kernel commands for general use (HO)
)
(/usr/local/texlive/2021/texmf-dist/tex/generic/kvsetkeys/kvsetkeys.sty
Package: kvsetkeys 2019/12/15 v1.18 Key value parser (HO)
)))
(/usr/local/texlive/2021/texmf-dist/tex/latex/tex-gyre/tgheros.sty
Package: tgheros 2009/09/27 v1.2 TeX Gyre Heros as default sans serif family
)
(./fncychap.sty
Package: fncychap 2007/07/30 v1.34 LaTeX package (Revised chapters)
\RW=\skip52
\mylen=\skip53
\myhi=\skip54
\px=\skip55
\py=\skip56
\pyy=\skip57
\pxx=\skip58
\c@AlphaCnt=\count274
\c@AlphaDecCnt=\count275
) (./sphinx.sty
Package: sphinx 2021/01/27 v4.0.0 LaTeX package (Sphinx markup)

(/usr/local/texlive/2021/texmf-dist/tex/latex/xcolor/xcolor.sty
Package: xcolor 2021/10/31 v2.13 LaTeX color extensions (UK)

(/usr/local/texlive/2021/texmf-dist/tex/latex/graphics-cfg/color.cfg
File: color.cfg 2016/01/02 v1.6 sample color configuration
)
Package xcolor Info: Driver file: pdftex.def on input line 227.

(/usr/local/texlive/2021/texmf-dist/tex/latex/graphics-def/pdftex.def
File: pdftex.def 2020/10/05 v1.2a Graphics/color driver for pdftex
)
Package xcolor Info: Model `cmy' substituted by `cmy0' on input line 1352.
Package xcolor Info: Model `hsb' substituted by `rgb' on input line 1356.
Package xcolor Info: Model `RGB' extended on input line 1368.
Package xcolor Info: Model `HTML' substituted by `rgb' on input line 1370.
Package xcolor Info: Model `Hsb' substituted by `hsb' on input line 1371.
Package xcolor Info: Model `tHsb' substituted by `hsb' on input line 1372.
Package xcolor Info: Model `HSB' substituted by `hsb' on input line 1373.
Package xcolor Info: Model `Gray' substituted by `gray' on input line 1374.
Package xcolor Info: Model `wave' substituted by `hsb' on input line 1375.
)
\sphinxverbatimsep=\dimen149
\sphinxverbatimborder=\dimen150
\sphinxshadowsep=\dimen151
\sphinxshadowsize=\dimen152
\sphinxshadowrule=\dimen153
\spx@notice@border=\dimen154

(./sphinxoptionshyperref.sty
File: sphinxoptionshyperref.sty 2021/01/27 hyperref
) (./sphinxoptionsgeometry.sty
File: sphinxoptionsgeometry.sty 2021/01/27 geometry
)
(/usr/local/texlive/2021/texmf-dist/tex/latex/base/textcomp.sty
Package: textcomp 2020/02/02 v2.0n Standard LaTeX package
)
(/usr/local/texlive/2021/texmf-dist/tex/latex/float/float.sty
Package: float 2001/11/08 v1.3d Float enhancements (AL)
\c@float@type=\count276
\float@exts=\toks24
\float@box=\box52
\@float@everytoks=\toks25
\@floatcapt=\box53
)
(/usr/local/texlive/2021/texmf-dist/tex/latex/wrapfig/wrapfig.sty
\wrapoverhang=\dimen155
\WF@size=\dimen156
\c@WF@wrappedlines=\count277
\WF@box=\box54
\WF@everypar=\toks26
Package: wrapfig 2003/01/31  v 3.6
)
(/usr/local/texlive/2021/texmf-dist/tex/latex/capt-of/capt-of.sty
Package: capt-of 2009/12/29 v0.2 standard captions outside of floats
)
(/usr/local/texlive/2021/texmf-dist/tex/latex/tools/multicol.sty
Package: multicol 2021/10/28 v1.9b multicolumn formatting (FMi)
\c@tracingmulticols=\count278
\mult@box=\box55
\multicol@leftmargin=\dimen157
\c@unbalance=\count279
\c@collectmore=\count280
\doublecol@number=\count281
\multicoltolerance=\count282
\multicolpretolerance=\count283
\full@width=\dimen158
\page@free=\dimen159
\premulticols=\dimen160
\postmulticols=\dimen161
\multicolsep=\skip59
\multicolbaselineskip=\skip60
\partial@page=\box56
\last@line=\box57
\maxbalancingoverflow=\dimen162
\mult@rightbox=\box58
\mult@grightbox=\box59
\mult@firstbox=\box60
\mult@gfirstbox=\box61
\@tempa=\box62
\@tempa=\box63
\@tempa=\box64
\@tempa=\box65
\@tempa=\box66
\@tempa=\box67
\@tempa=\box68
\@tempa=\box69
\@tempa=\box70
\@tempa=\box71
\@tempa=\box72
\@tempa=\box73
\@tempa=\box74
\@tempa=\box75
\@tempa=\box76
\@tempa=\box77
\@tempa=\box78
\@tempa=\box79
\@tempa=\box80
\@tempa=\box81
\@tempa=\box82
\@tempa=\box83
\@tempa=\box84
\@tempa=\box85
\@tempa=\box86
\@tempa=\box87
\@tempa=\box88
\@tempa=\box89
\@tempa=\box90
\@tempa=\box91
\@tempa=\box92
\@tempa=\box93
\@tempa=\box94
\@tempa=\box95
\@tempa=\box96
\@tempa=\box97
\c@minrows=\count284
\c@columnbadness=\count285
\c@finalcolumnbadness=\count286
\last@try=\dimen163
\multicolovershoot=\dimen164
\multicolundershoot=\dimen165
\mult@nat@firstbox=\box98
\colbreak@box=\box99
\mc@col@check@num=\count287
)
(/usr/local/texlive/2021/texmf-dist/tex/latex/graphics/graphicx.sty
Package: graphicx 2021/09/16 v1.2d Enhanced LaTeX Graphics (DPC,SPQR)

(/usr/local/texlive/2021/texmf-dist/tex/latex/graphics/graphics.sty
Package: graphics 2021/03/04 v1.4d Standard LaTeX Graphics (DPC,SPQR)

(/usr/local/texlive/2021/texmf-dist/tex/latex/graphics/trig.sty
Package: trig 2021/08/11 v1.11 sin cos tan (DPC)
)
(/usr/local/texlive/2021/texmf-dist/tex/latex/graphics-cfg/graphics.cfg
File: graphics.cfg 2016/06/04 v1.11 sample graphics configuration
)
Package graphics Info: Driver file: pdftex.def on input line 107.
)
\Gin@req@height=\dimen166
\Gin@req@width=\dimen167
)
(./sphinxlatexgraphics.sty
File: sphinxlatexgraphics.sty 2021/01/27 graphics
\spx@image@maxheight=\dimen168
\spx@image@box=\box100
) (./sphinxlatexadmonitions.sty
File: sphinxlatexadmonitions.sty 2021/01/27 admonitions

(/usr/local/texlive/2021/texmf-dist/tex/latex/framed/framed.sty
Package: framed 2011/10/22 v 0.96: framed or shaded text with page breaks
\OuterFrameSep=\skip61
\fb@frw=\dimen169
\fb@frh=\dimen170
\FrameRule=\dimen171
\FrameSep=\dimen172
))
(./sphinxlatexliterals.sty
File: sphinxlatexliterals.sty 2021/12/06 code-blocks and parsed literals

(/usr/local/texlive/2021/texmf-dist/tex/latex/fancyvrb/fancyvrb.sty
Package: fancyvrb 2021/12/21 4.1b verbatim text (tvz,hv)
\FV@CodeLineNo=\count288
\FV@InFile=\read3
\FV@TabBox=\box101
\c@FancyVerbLine=\count289
\FV@StepNumber=\count290
\FV@OutFile=\write3
)
(/usr/local/texlive/2021/texmf-dist/tex/latex/base/alltt.sty
Package: alltt 2021/01/29 v2.0g defines alltt environment
)
(/usr/local/texlive/2021/texmf-dist/tex/latex/upquote/upquote.sty
Package: upquote 2012/04/19 v1.3 upright-quote and grave-accent glyphs in verba
tim
)
(/usr/local/texlive/2021/texmf-dist/tex/latex/needspace/needspace.sty
Package: needspace 2010/09/12 v1.3d reserve vertical space
)
\sphinxcontinuationbox=\box102
\sphinxvisiblespacebox=\box103
\sphinxVerbatim@TitleBox=\box104
\sphinxVerbatim@ContentsBox=\box105
\spx@scratchbox=\box106
)
(./sphinxlatexshadowbox.sty
File: sphinxlatexshadowbox.sty 2021/01/27 sphinxShadowBox
) (./sphinxlatexcontainers.sty
File: sphinxlatexcontainers.sty 2021/05/03 containers
)
(./sphinxhighlight.sty
Package: sphinxhighlight 2016/05/29 stylesheet for highlighting with pygments
) (./sphinxlatextables.sty
File: sphinxlatextables.sty 2021/01/27 tables
 (./tabulary.sty
Package: tabulary 2008/12/01 v0.9 tabulary package (DPC)

(/usr/local/texlive/2021/texmf-dist/tex/latex/tools/array.sty
Package: array 2021/10/04 v2.5f Tabular extension package (FMi)
\col@sep=\dimen173
\ar@mcellbox=\box107
\extrarowheight=\dimen174
\NC@list=\toks27
\extratabsurround=\skip62
\backup@length=\skip63
\ar@cellbox=\box108
)
\TY@count=\count291
\TY@linewidth=\dimen175
\tymin=\dimen176
\tymax=\dimen177
\TY@tablewidth=\dimen178
)
(/usr/local/texlive/2021/texmf-dist/tex/latex/tools/longtable.sty
Package: longtable 2021-09-01 v4.17 Multi-page Table package (DPC)
\LTleft=\skip64
\LTright=\skip65
\LTpre=\skip66
\LTpost=\skip67
\LTchunksize=\count292
\LTcapwidth=\dimen179
\LT@head=\box109
\LT@firsthead=\box110
\LT@foot=\box111
\LT@lastfoot=\box112
\LT@gbox=\box113
\LT@cols=\count293
\LT@rows=\count294
\c@LT@tables=\count295
\c@LT@chunks=\count296
\LT@p@ftn=\toks28
)
(/usr/local/texlive/2021/texmf-dist/tex/latex/varwidth/varwidth.sty
Package: varwidth 2009/03/30 ver 0.92;  Variable-width minipages
\@vwid@box=\box114
\sift@deathcycles=\count297
\@vwid@loff=\dimen180
\@vwid@roff=\dimen181
)
\sphinx@TY@tablewidth=\dimen182
)
(./sphinxlatexnumfig.sty
File: sphinxlatexnumfig.sty 2021/01/27 numbering
) (./sphinxlatexlists.sty
File: sphinxlatexlists.sty 2021/01/27 lists
)
\c@sphinxscope=\count298
\c@sphinxexplicit=\count299
 (./sphinxpackagefootnote.sty
Package: sphinxpackagefootnote 2021/02/04 v1.1d footnotehyper adapted to sphinx
 (Sphinx team)
\FNH@notes=\box115
\FNH@toks=\toks29
\FNH@width=\dimen183
) (./sphinxlatexindbibtoc.sty
File: sphinxlatexindbibtoc.sty 2021/01/27 index, bib., toc

(/usr/local/texlive/2021/texmf-dist/tex/latex/base/makeidx.sty
Package: makeidx 2021/10/04 v1.0m Standard LaTeX package
))
(./sphinxlatexstylepage.sty
File: sphinxlatexstylepage.sty 2021/01/27 page styling

(/usr/local/texlive/2021/texmf-dist/tex/latex/parskip/parskip.sty
Rollback for package 'parskip' requested -> version 'v1'.
         This corresponds to the release introduced on 2001-04-09.

(/usr/local/texlive/2021/texmf-dist/tex/latex/parskip/parskip-2001-04-09.sty
Package: parskip 2001/04/09 non-zero parskip adjustments
))
(/usr/local/texlive/2021/texmf-dist/tex/latex/fancyhdr/fancyhdr.sty
Package: fancyhdr 2021/01/28 v4.0.1 Extensive control of page headers and foote
rs
\f@nch@headwidth=\skip68
\f@nch@O@elh=\skip69
\f@nch@O@erh=\skip70
\f@nch@O@olh=\skip71
\f@nch@O@orh=\skip72
\f@nch@O@elf=\skip73
\f@nch@O@erf=\skip74
\f@nch@O@olf=\skip75
\f@nch@O@orf=\skip76
))
(./sphinxlatexstyleheadings.sty
File: sphinxlatexstyleheadings.sty 2021/01/27 headings

(/usr/local/texlive/2021/texmf-dist/tex/latex/titlesec/titlesec.sty
Package: titlesec 2021/07/05 v2.14 Sectioning titles
\ttl@box=\box116
\beforetitleunit=\skip77
\aftertitleunit=\skip78
\ttl@plus=\dimen184
\ttl@minus=\dimen185
\ttl@toksa=\toks30
\titlewidth=\dimen186
\titlewidthlast=\dimen187
\titlewidthfirst=\dimen188
))
(./sphinxlatexstyletext.sty
File: sphinxlatexstyletext.sty 2021/12/06 text styling
) (./sphinxlatexobjects.sty
File: sphinxlatexobjects.sty 2022/01/13 documentation environments
\sphinxsignaturesep=\skip79
\py@argswidth=\skip80
\lineblockindentation=\skip81
\DUlineblockindent=\skip82
))
(/usr/local/texlive/2021/texmf-dist/tex/latex/geometry/geometry.sty
Package: geometry 2020/01/02 v5.9 Page Geometry

(/usr/local/texlive/2021/texmf-dist/tex/generic/iftex/ifvtex.sty
Package: ifvtex 2019/10/25 v1.7 ifvtex legacy package. Use iftex instead.

(/usr/local/texlive/2021/texmf-dist/tex/generic/iftex/iftex.sty
Package: iftex 2020/03/06 v1.0d TeX engine tests
))
\Gm@cnth=\count300
\Gm@cntv=\count301
\c@Gm@tempcnt=\count302
\Gm@bindingoffset=\dimen189
\Gm@wd@mp=\dimen190
\Gm@odd@mp=\dimen191
\Gm@even@mp=\dimen192
\Gm@layoutwidth=\dimen193
\Gm@layoutheight=\dimen194
\Gm@layouthoffset=\dimen195
\Gm@layoutvoffset=\dimen196
\Gm@dimlist=\toks31
)
(/usr/local/texlive/2021/texmf-dist/tex/latex/hyperref/hyperref.sty
Package: hyperref 2021-06-07 v7.00m Hypertext links for LaTeX

(/usr/local/texlive/2021/texmf-dist/tex/generic/pdftexcmds/pdftexcmds.sty
Package: pdftexcmds 2020-06-27 v0.33 Utility functions of pdfTeX for LuaTeX (HO
)

(/usr/local/texlive/2021/texmf-dist/tex/generic/infwarerr/infwarerr.sty
Package: infwarerr 2019/12/03 v1.5 Providing info/warning/error messages (HO)
)
Package pdftexcmds Info: \pdf@primitive is available.
Package pdftexcmds Info: \pdf@ifprimitive is available.
Package pdftexcmds Info: \pdfdraftmode found.
)
(/usr/local/texlive/2021/texmf-dist/tex/generic/kvdefinekeys/kvdefinekeys.sty
Package: kvdefinekeys 2019-12-19 v1.6 Define keys (HO)
)
(/usr/local/texlive/2021/texmf-dist/tex/generic/pdfescape/pdfescape.sty
Package: pdfescape 2019/12/09 v1.15 Implements pdfTeX's escape features (HO)
)
(/usr/local/texlive/2021/texmf-dist/tex/latex/hycolor/hycolor.sty
Package: hycolor 2020-01-27 v1.10 Color options for hyperref/bookmark (HO)
)
(/usr/local/texlive/2021/texmf-dist/tex/latex/letltxmacro/letltxmacro.sty
Package: letltxmacro 2019/12/03 v1.6 Let assignment for LaTeX macros (HO)
)
(/usr/local/texlive/2021/texmf-dist/tex/latex/auxhook/auxhook.sty
Package: auxhook 2019-12-17 v1.6 Hooks for auxiliary files (HO)
)
\@linkdim=\dimen197
\Hy@linkcounter=\count303
\Hy@pagecounter=\count304

(/usr/local/texlive/2021/texmf-dist/tex/latex/hyperref/pd1enc.def
File: pd1enc.def 2021-06-07 v7.00m Hyperref: PDFDocEncoding definition (HO)
Now handling font encoding PD1 ...
... no UTF-8 mapping file for font encoding PD1
)
(/usr/local/texlive/2021/texmf-dist/tex/latex/hyperref/hyperref-langpatches.def
File: hyperref-langpatches.def 2021-06-07 v7.00m Hyperref: patches for babel la
nguages
) (/usr/local/texlive/2021/texmf-dist/tex/generic/intcalc/intcalc.sty
Package: intcalc 2019/12/15 v1.3 Expandable calculations with integers (HO)
)
(/usr/local/texlive/2021/texmf-dist/tex/generic/etexcmds/etexcmds.sty
Package: etexcmds 2019/12/15 v1.7 Avoid name clashes with e-TeX commands (HO)
)
\Hy@SavedSpaceFactor=\count305

(/usr/local/texlive/2021/texmf-dist/tex/latex/hyperref/puenc.def
File: puenc.def 2021-06-07 v7.00m Hyperref: PDF Unicode definition (HO)
Now handling font encoding PU ...
... no UTF-8 mapping file for font encoding PU
)
Package hyperref Info: Option `unicode' set `true' on input line 4073.
Package hyperref Info: Option `colorlinks' set `true' on input line 4073.
Package hyperref Info: Option `breaklinks' set `true' on input line 4073.
Package hyperref Info: Hyper figures OFF on input line 4192.
Package hyperref Info: Link nesting OFF on input line 4197.
Package hyperref Info: Hyper index ON on input line 4200.
Package hyperref Info: Plain pages OFF on input line 4207.
Package hyperref Info: Backreferencing OFF on input line 4212.
Package hyperref Info: Implicit mode ON; LaTeX internals redefined.
Package hyperref Info: Bookmarks ON on input line 4445.
\c@Hy@tempcnt=\count306

(/usr/local/texlive/2021/texmf-dist/tex/latex/url/url.sty
\Urlmuskip=\muskip17
Package: url 2013/09/16  ver 3.4  Verb mode for urls, etc.
)
LaTeX Info: Redefining \url on input line 4804.
\XeTeXLinkMargin=\dimen198

(/usr/local/texlive/2021/texmf-dist/tex/generic/bitset/bitset.sty
Package: bitset 2019/12/09 v1.3 Handle bit-vector datatype (HO)

(/usr/local/texlive/2021/texmf-dist/tex/generic/bigintcalc/bigintcalc.sty
Package: bigintcalc 2019/12/15 v1.5 Expandable calculations on big integers (HO
)
))
\Fld@menulength=\count307
\Field@Width=\dimen199
\Fld@charsize=\dimen256
Package hyperref Info: Hyper figures OFF on input line 6076.
Package hyperref Info: Link nesting OFF on input line 6081.
Package hyperref Info: Hyper index ON on input line 6084.
Package hyperref Info: backreferencing OFF on input line 6091.
Package hyperref Info: Link coloring ON on input line 6094.
Package hyperref Info: Link coloring with OCG OFF on input line 6101.
Package hyperref Info: PDF/A mode OFF on input line 6106.
LaTeX Info: Redefining \ref on input line 6146.
LaTeX Info: Redefining \pageref on input line 6150.

(/usr/local/texlive/2021/texmf-dist/tex/latex/base/atbegshi-ltx.sty
Package: atbegshi-ltx 2021/01/10 v1.0c Emulation of the original atbegshi
package with kernel methods
)
\Hy@abspage=\count308
\c@Item=\count309
\c@Hfootnote=\count310
)
Package hyperref Info: Driver (autodetected): hpdftex.

(/usr/local/texlive/2021/texmf-dist/tex/latex/hyperref/hpdftex.def
File: hpdftex.def 2021-06-07 v7.00m Hyperref driver for pdfTeX

(/usr/local/texlive/2021/texmf-dist/tex/latex/base/atveryend-ltx.sty
Package: atveryend-ltx 2020/08/19 v1.0a Emulation of the original atveryend pac
kage
with kernel methods
)
\Fld@listcount=\count311
\c@bookmark@seq@number=\count312

(/usr/local/texlive/2021/texmf-dist/tex/latex/rerunfilecheck/rerunfilecheck.sty
Package: rerunfilecheck 2019/12/05 v1.9 Rerun checks for auxiliary files (HO)

(/usr/local/texlive/2021/texmf-dist/tex/generic/uniquecounter/uniquecounter.sty
Package: uniquecounter 2019/12/15 v1.4 Provide unlimited unique counter (HO)
)
Package uniquecounter Info: New unique counter `rerunfilecheck' on input line 2
86.
)
\Hy@SectionHShift=\skip83
) (/usr/local/texlive/2021/texmf-dist/tex/latex/oberdiek/hypcap.sty
Package: hypcap 2016/05/16 v1.12 Adjusting the anchors of captions (HO)
)
(./sphinxmessages.sty
Package: sphinxmessages 2019/01/04 v2.0 Localized LaTeX macros (Sphinx team)
)
\@indexfile=\write4
\openout4 = `PyMan.idx'.


Writing index file PyMan.idx
LaTeX Font Info:    Trying to load font information for T1+qtm on input line 70
.
(/usr/local/texlive/2021/texmf-dist/tex/latex/tex-gyre/t1qtm.fd
File: t1qtm.fd 2009/09/25 v1.2 font definition file for T1/qtm
)
(/usr/local/texlive/2021/texmf-dist/tex/latex/l3backend/l3backend-pdftex.def
File: l3backend-pdftex.def 2022-01-12 L3 backend support: PDF output (pdfTeX)
\l__color_backend_stack_int=\count313
\l__pdf_internal_box=\box117
)
(./PyMan.aux)
\openout1 = `PyMan.aux'.

LaTeX Font Info:    Checking defaults for OML/cmm/m/it on input line 70.
LaTeX Font Info:    ... okay on input line 70.
LaTeX Font Info:    Checking defaults for OMS/cmsy/m/n on input line 70.
LaTeX Font Info:    ... okay on input line 70.
LaTeX Font Info:    Checking defaults for OT1/cmr/m/n on input line 70.
LaTeX Font Info:    ... okay on input line 70.
LaTeX Font Info:    Checking defaults for T1/cmr/m/n on input line 70.
LaTeX Font Info:    ... okay on input line 70.
LaTeX Font Info:    Checking defaults for TS1/cmr/m/n on input line 70.
LaTeX Font Info:    ... okay on input line 70.
LaTeX Font Info:    Checking defaults for OMX/cmex/m/n on input line 70.
LaTeX Font Info:    ... okay on input line 70.
LaTeX Font Info:    Checking defaults for U/cmr/m/n on input line 70.
LaTeX Font Info:    ... okay on input line 70.
LaTeX Font Info:    Checking defaults for PD1/pdf/m/n on input line 70.
LaTeX Font Info:    ... okay on input line 70.
LaTeX Font Info:    Checking defaults for PU/pdf/m/n on input line 70.
LaTeX Font Info:    ... okay on input line 70.

(/usr/local/texlive/2021/texmf-dist/tex/context/base/mkii/supp-pdf.mkii
[Loading MPS to PDF converter (version 2006.09.02).]
\scratchcounter=\count314
\scratchdimen=\dimen257
\scratchbox=\box118
\nofMPsegments=\count315
\nofMParguments=\count316
\everyMPshowfont=\toks32
\MPscratchCnt=\count317
\MPscratchDim=\dimen258
\MPnumerator=\count318
\makeMPintoPDFobject=\count319
\everyMPtoPDFconversion=\toks33
) (/usr/local/texlive/2021/texmf-dist/tex/latex/epstopdf-pkg/epstopdf-base.sty
Package: epstopdf-base 2020-01-24 v2.11 Base part for package epstopdf
Package epstopdf-base Info: Redefining graphics rule for `.eps' on input line 4
85.

(/usr/local/texlive/2021/texmf-dist/tex/latex/latexconfig/epstopdf-sys.cfg
File: epstopdf-sys.cfg 2010/07/13 v1.3 Configuration of (r)epstopdf for TeX Liv
e
))
\c@literalblock=\count320

*geometry* driver: auto-detecting
*geometry* detected driver: pdftex
*geometry* verbose mode - [ preamble ] result:
* driver: pdftex
* paper: letterpaper
* layout: <same size as paper>
* layoutoffset:(h,v)=(0.0pt,0.0pt)
* modes: twoside 
* h-part:(L,W,R)=(72.26999pt, 469.75502pt, 72.26999pt)
* v-part:(T,H,B)=(72.26999pt, 650.43001pt, 72.26999pt)
* \paperwidth=614.295pt
* \paperheight=794.96999pt
* \textwidth=469.75502pt
* \textheight=650.43001pt
* \oddsidemargin=0.0pt
* \evensidemargin=0.0pt
* \topmargin=-37.0pt
* \headheight=12.0pt
* \headsep=25.0pt
* \topskip=10.0pt
* \footskip=30.0pt
* \marginparwidth=36.135pt
* \marginparsep=11.0pt
* \columnsep=10.0pt
* \skip\footins=9.0pt plus 4.0pt minus 2.0pt
* \hoffset=0.0pt
* \voffset=0.0pt
* \mag=1000
* \@twocolumnfalse
* \@twosidetrue
* \@mparswitchtrue
* \@reversemarginfalse
* (1in=72.27pt=25.4mm, 1cm=28.453pt)

Package hyperref Info: Link coloring ON on input line 70.
(/usr/local/texlive/2021/texmf-dist/tex/latex/hyperref/nameref.sty
Package: nameref 2021-04-02 v2.47 Cross-referencing by name of section

(/usr/local/texlive/2021/texmf-dist/tex/latex/refcount/refcount.sty
Package: refcount 2019/12/15 v3.6 Data extraction from label references (HO)
)
(/usr/local/texlive/2021/texmf-dist/tex/generic/gettitlestring/gettitlestring.s
ty
Package: gettitlestring 2019/12/15 v1.6 Cleanup title references (HO)
)
\c@section@level=\count321
)
LaTeX Info: Redefining \ref on input line 70.
LaTeX Info: Redefining \pageref on input line 70.
LaTeX Info: Redefining \nameref on input line 70.
 (./PyMan.out) (./PyMan.out)
\@outlinefile=\write5
\openout5 = `PyMan.out'.

Package hyperref Info: Option `pageanchor' set `false' on input line 73.
LaTeX Font Info:    Trying to load font information for T1+qhv on input line 73
.

(/usr/local/texlive/2021/texmf-dist/tex/latex/tex-gyre/t1qhv.fd
File: t1qhv.fd 2009/09/25 v1.2 font definition file for T1/qhv
)<<ot1.cmap>><<oml.cmap>><<oms.cmap>><<omx.cmap>>
LaTeX Font Info:    Trying to load font information for U+msa on input line 73.


(/usr/local/texlive/2021/texmf-dist/tex/latex/amsfonts/umsa.fd
File: umsa.fd 2013/01/14 v3.01 AMS symbols A
)
LaTeX Font Info:    Trying to load font information for U+msb on input line 73.


(/usr/local/texlive/2021/texmf-dist/tex/latex/amsfonts/umsb.fd
File: umsb.fd 2013/01/14 v3.01 AMS symbols B
) [1

{/usr/local/texlive/2021/texmf-var/fonts/map/pdftex/updmap/pdftex.map}] [2


] (./PyMan.toc
LaTeX Font Info:    Trying to load font information for T1+txtt on input line 7
0.

(/usr/local/texlive/2021/texmf-dist/tex/latex/txfonts/t1txtt.fd
File: t1txtt.fd 2000/12/15 v3.1
) [1

])
\tf@toc=\write6
\openout6 = `PyMan.toc'.

 [2]
Chapter 1.
[1


] [2

]
Chapter 2.
<CanopyWindow.png, id=750, 376.40625pt x 251.43938pt>
File: CanopyWindow.png Graphic file (type png)
<use CanopyWindow.png>
Package pdftex.def Info: CanopyWindow.png  used on input line 130.
(pdftex.def)             Requested size: 338.76248pt x 226.29333pt.
[3 <./CanopyWindow.png>] [4]
LaTeX Font Info:    Font shape `T1/txtt/b/n' in size <10> not available
(Font)              Font shape `T1/txtt/bx/n' tried instead on input line 189.
LaTeX Font Info:    Trying to load font information for TS1+txtt on input line 
190.

(/usr/local/texlive/2021/texmf-dist/tex/latex/txfonts/ts1txtt.fd
File: ts1txtt.fd 2000/12/15 v3.1
) [5] [6]
[7]
LaTeX Font Info:    Font shape `T1/txtt/m/it' in size <10> not available
(Font)              Font shape `T1/txtt/m/sl' tried instead on input line 526.
 [8] [9] [10] [11] [12]
Overfull \vbox (0.52191pt too high) detected at line 887
 []

[13] [14] [15] [16] [17] [18] [19] [20] [21] [22

]
Chapter 3.
[23] [24] [25] [26] [27] [28] [29] [30] [31] [32] [33] [34] [35]
LaTeX Font Info:    Trying to load font information for TS1+qtm on input line 2
180.

(/usr/local/texlive/2021/texmf-dist/tex/latex/tex-gyre/ts1qtm.fd
File: ts1qtm.fd 2009/09/25 v1.2 font definition file for TS1/qtm
) [36] [37]
<randhistos.pdf, id=939, 578.16pt x 361.35pt>
File: randhistos.pdf Graphic file (type pdf)
<use randhistos.pdf>
Package pdftex.def Info: randhistos.pdf  used on input line 2323.
(pdftex.def)             Requested size: 462.52863pt x 289.0804pt.

[38] [39 <./randhistos.pdf>] [40] [41] [42]
Chapter 4.
[43

] [44]
LaTeX Font Info:    Font shape `T1/txtt/b/n' in size <12> not available
(Font)              Font shape `T1/txtt/bx/n' tried instead on input line 2610.

 [45] [46] [47] [48] [49]
<ExcelDataFile.png, id=1026, 462.72874pt x 495.8525pt>
File: ExcelDataFile.png Graphic file (type png)
<use ExcelDataFile.png>
Package pdftex.def Info: ExcelDataFile.png  used on input line 2897.
(pdftex.def)             Requested size: 300.77011pt x 322.30031pt.
 [50 <./ExcelDataFile.png>] [51] [52]
[53] [54] [55] [56

]
Chapter 5.
LaTeX Font Info:    Font shape `T1/txtt/b/n' in size <14.4> not available
(Font)              Font shape `T1/txtt/bx/n' tried instead on input line 3188.

<zigzagPlotDemo.pdf, id=1068, 578.16pt x 433.62pt>
File: zigzagPlotDemo.pdf Graphic file (type pdf)
<use zigzagPlotDemo.pdf>
Package pdftex.def Info: zigzagPlotDemo.pdf  used on input line 3203.
(pdftex.def)             Requested size: 462.52863pt x 346.89647pt.
[57] [58 <./zigzagPlotDemo.pdf>]
<sinePlot.pdf, id=1096, 578.16pt x 433.62pt>
File: sinePlot.pdf Graphic file (type pdf)
<use sinePlot.pdf>
Package pdftex.def Info: sinePlot.pdf  used on input line 3266.
(pdftex.def)             Requested size: 404.70924pt x 303.53192pt.
<sinePlotDenserXY.pdf, id=1097, 578.16pt x 433.62pt>
File: sinePlotDenserXY.pdf Graphic file (type pdf)
<use sinePlotDenserXY.pdf>
Package pdftex.def Info: sinePlotDenserXY.pdf  used on input line 3279.
(pdftex.def)             Requested size: 404.70924pt x 303.53192pt.
 [59] [60 <./sinePlot.pdf>] [61 <./sinePlotDenserXY.pdf>]
<WavyPulse.pdf, id=1122, 433.62pt x 289.08pt>
File: WavyPulse.pdf Graphic file (type pdf)
<use WavyPulse.pdf>
Package pdftex.def Info: WavyPulse.pdf  used on input line 3320.
(pdftex.def)             Requested size: 346.89647pt x 231.2643pt.
 [62 <./WavyPulse.pdf>] [63] [64]
<ExpDecay.pdf, id=1170, 433.62pt x 289.08pt>
File: ExpDecay.pdf Graphic file (type pdf)
<use ExpDecay.pdf>
Package pdftex.def Info: ExpDecay.pdf  used on input line 3696.
(pdftex.def)             Requested size: 325.2142pt x 216.80946pt.
 [65 <./ExpDecay.pdf>]
<plotLimits1.pdf, id=1209, 578.16pt x 433.62pt>
File: plotLimits1.pdf Graphic file (type pdf)
<use plotLimits1.pdf>
Package pdftex.def Info: plotLimits1.pdf  used on input line 3763.
(pdftex.def)             Requested size: 462.52863pt x 346.89647pt.
 [66] [67 <./plotLimits1.pdf>]
<plotLimits2.pdf, id=1230, 578.16pt x 433.62pt>
File: plotLimits2.pdf Graphic file (type pdf)
<use plotLimits2.pdf>
Package pdftex.def Info: plotLimits2.pdf  used on input line 3791.
(pdftex.def)             Requested size: 462.52863pt x 346.89647pt.
 [68 <./plotLimits2.pdf>]
<plotLimits3.pdf, id=1248, 578.16pt x 433.62pt>
File: plotLimits3.pdf Graphic file (type pdf)
<use plotLimits3.pdf>
Package pdftex.def Info: plotLimits3.pdf  used on input line 3808.
(pdftex.def)             Requested size: 462.52863pt x 346.89647pt.
 [69 <./plotLimits3.pdf>]
<subplotDemo.pdf, id=1267, 578.16pt x 433.62pt>
File: subplotDemo.pdf Graphic file (type pdf)
<use subplotDemo.pdf>
Package pdftex.def Info: subplotDemo.pdf  used on input line 3838.
(pdftex.def)             Requested size: 469.75385pt x 352.33524pt.
 [70 <./subplotDemo.pdf>] [71]
<semilogDemo.pdf, id=1302, 722.7pt x 289.08pt>
File: semilogDemo.pdf Graphic file (type pdf)
<use semilogDemo.pdf>
Package pdftex.def Info: semilogDemo.pdf  used on input line 3905.
(pdftex.def)             Requested size: 469.76045pt x 187.89977pt.
 [72 <./semilogDemo.pdf>]
<MultPlotDemo.pdf, id=1343, 650.43pt x 578.16pt>
File: MultPlotDemo.pdf Graphic file (type pdf)
<use MultPlotDemo.pdf>
Package pdftex.def Info: MultPlotDemo.pdf  used on input line 3974.
(pdftex.def)             Requested size: 240.89844pt x 214.12758pt.
 [73]
Underfull \vbox (badness 10000) detected at line 4031
 []


Underfull \vbox (badness 10000) detected at line 4031
 []

[74 <./MultPlotDemo.pdf>] [75]
Underfull \hbox (badness 5245) in paragraph at lines 4070--4072
[]\T1/qtm/m/n/10 You may have no-ticed in above code that some of the func-tion
 calls are a bit dif-fer-ent from those
 []

[76] [77]
<LinearData.pdf, id=1410, 433.62pt x 289.08pt>
File: LinearData.pdf Graphic file (type pdf)
<use LinearData.pdf>
Package pdftex.def Info: LinearData.pdf  used on input line 4179.
(pdftex.def)             Requested size: 346.89647pt x 231.2643pt.
 [78 <./LinearData.pdf>] [79] [80

]
Chapter 6.
[81]
<flow_if_elif_else.pdf, id=1452, 380.82376pt x 271.52742pt>
File: flow_if_elif_else.pdf Graphic file (type pdf)
<use flow_if_elif_else.pdf>
Package pdftex.def Info: flow_if_elif_else.pdf  used on input line 4316.
(pdftex.def)             Requested size: 304.65942pt x 217.22221pt.
 [82]
<flow_if_else.pdf, id=1457, 322.808pt x 202.46843pt>
File: flow_if_else.pdf Graphic file (type pdf)
<use flow_if_else.pdf>
Package pdftex.def Info: flow_if_else.pdf  used on input line 4346.
(pdftex.def)             Requested size: 258.24673pt x 161.97495pt.
 [83 <./flow_if_elif_else.pdf> <./flow_if_else.pdf>]
<flow_if.pdf, id=1485, 308.351pt x 141.03992pt>
File: flow_if.pdf Graphic file (type pdf)
<use flow_if.pdf>
Package pdftex.def Info: flow_if.pdf  used on input line 4381.
(pdftex.def)             Requested size: 246.68114pt x 112.83208pt.
 [84 <./flow_if.pdf>] [85]
<flow_for.pdf, id=1505, 200.85138pt x 259.48343pt>
File: flow_for.pdf Graphic file (type pdf)
<use flow_for.pdf>
Package pdftex.def Info: flow_for.pdf  used on input line 4566.
(pdftex.def)             Requested size: 160.6813pt x 207.58702pt.
 [86] [87 <./flow_for.pdf>]
<flow_while.pdf, id=1524, 185.79512pt x 237.39992pt>
File: flow_while.pdf Graphic file (type pdf)
<use flow_while.pdf>
Package pdftex.def Info: flow_while.pdf  used on input line 4623.
(pdftex.def)             Requested size: 148.63629pt x 189.92018pt.
 [88 <./flow_while.pdf>] [89] [90] [91]
[92

]
Chapter 7.
[93] [94] [95]
<sinc.pdf, id=1581, 578.16pt x 433.62pt>
File: sinc.pdf Graphic file (type pdf)
<use sinc.pdf>
Package pdftex.def Info: sinc.pdf  used on input line 4999.
(pdftex.def)             Requested size: 462.52863pt x 346.89647pt.
 [96 <./sinc.pdf>] [97] [98] [99] [100]
Overfull \vbox (1.4316pt too high) detected at line 5314
 []

[101] [102] [103] [104]
<VelocityVsTimePlot.pdf, id=1636, 578.16pt x 433.62pt>
File: VelocityVsTimePlot.pdf Graphic file (type pdf)
<use VelocityVsTimePlot.pdf>
Package pdftex.def Info: VelocityVsTimePlot.pdf  used on input line 5444.
(pdftex.def)             Requested size: 462.52863pt x 346.89647pt.
 [105 <./VelocityVsTimePlot.pdf>] [106]
LaTeX Font Info:    Font shape `TS1/txtt/m/it' in size <10> not available
(Font)              Font shape `TS1/txtt/m/sl' tried instead on input line 5520
.


Package hyperref Warning: Token not allowed in a PDF string (Unicode):
(hyperref)                removing `math shift' on input line 5533.


Package hyperref Warning: Token not allowed in a PDF string (Unicode):
(hyperref)                removing `\chi' on input line 5533.


Package hyperref Warning: Token not allowed in a PDF string (Unicode):
(hyperref)                removing `superscript' on input line 5533.

[107]
<VelocityVsTimeFit.pdf, id=1721, 578.16pt x 433.62pt>
File: VelocityVsTimeFit.pdf Graphic file (type pdf)
<use VelocityVsTimeFit.pdf>
Package pdftex.def Info: VelocityVsTimeFit.pdf  used on input line 5572.
(pdftex.def)             Requested size: 462.52863pt x 346.89647pt.
 [108] [109 <./VelocityVsTimeFit.pdf>] [110]
<besselSph.pdf, id=1813, 578.16pt x 433.62pt>
File: besselSph.pdf Graphic file (type pdf)
<use besselSph.pdf>
Package pdftex.def Info: besselSph.pdf  used on input line 5654.
(pdftex.def)             Requested size: 462.52863pt x 346.89647pt.
 [111 <./besselSph.pdf>]
<diceRoll2.pdf, id=1833, 578.16pt x 433.62pt>
File: diceRoll2.pdf Graphic file (type pdf)
<use diceRoll2.pdf>
Package pdftex.def Info: diceRoll2.pdf  used on input line 5676.
(pdftex.def)             Requested size: 462.52863pt x 346.89647pt.
<smiley.pdf, id=1834, 578.16pt x 433.62pt>
File: smiley.pdf Graphic file (type pdf)
<use smiley.pdf>
Package pdftex.def Info: smiley.pdf  used on input line 5686.
(pdftex.def)             Requested size: 462.52863pt x 346.89647pt.

[112 <./diceRoll2.pdf>] [113 <./smiley.pdf>] [114]
Chapter 8.
[115

]
<betaDecay.pdf, id=1895, 578.16pt x 433.62pt>
File: betaDecay.pdf Graphic file (type pdf)
<use betaDecay.pdf>
Package pdftex.def Info: betaDecay.pdf  used on input line 5819.
(pdftex.def)             Requested size: 462.52863pt x 346.89647pt.
 [116] [117 <./betaDecay.pdf>]
Underfull \vbox (badness 10000) detected at line 5899
 []


Overfull \vbox (3.52196pt too high) detected at line 5899
 []

[118] [119] [120]
<Spectrum.pdf, id=2028, 578.16pt x 433.62pt>
File: Spectrum.pdf Graphic file (type pdf)
<use Spectrum.pdf>
Package pdftex.def Info: Spectrum.pdf  used on input line 5993.
(pdftex.def)             Requested size: 462.52863pt x 346.89647pt.
 [121 <./Spectrum.pdf>] [122]
<FitSpectrum.pdf, id=2073, 578.16pt x 578.16pt>
File: FitSpectrum.pdf Graphic file (type pdf)
<use FitSpectrum.pdf>
Package pdftex.def Info: FitSpectrum.pdf  used on input line 6096.
(pdftex.def)             Requested size: 462.52863pt x 462.52863pt.
 [123] [124 <./FitSpectrum.pdf>]
[125]
<DataOscDecay.pdf, id=2173, 578.16pt x 433.62pt>
File: DataOscDecay.pdf Graphic file (type pdf)
<use DataOscDecay.pdf>
Package pdftex.def Info: DataOscDecay.pdf  used on input line 6203.
(pdftex.def)             Requested size: 462.52863pt x 346.89647pt.
 [126 <./DataOscDecay.pdf>] [127] [128]
Chapter 9.
<specFuncPlots.pdf, id=2225, 650.43pt x 578.16pt>
File: specFuncPlots.pdf Graphic file (type pdf)
<use specFuncPlots.pdf>
Package pdftex.def Info: specFuncPlots.pdf  used on input line 6292.
(pdftex.def)             Requested size: 469.76817pt x 417.55406pt.
[129

] [130 <./specFuncPlots.pdf>]
Underfull \vbox (badness 10000) detected at line 6381
 []


Underfull \vbox (badness 10000) detected at line 6381
 []

[131] [132] [133] [134] [135] [136] [137] [138]
<odePend.pdf, id=2307, 578.16pt x 578.16pt>
File: odePend.pdf Graphic file (type pdf)
<use odePend.pdf>
Package pdftex.def Info: odePend.pdf  used on input line 6847.
(pdftex.def)             Requested size: 462.52863pt x 462.52863pt.
 [139] [140 <./odePend.pdf>]
[141]
<fftSimple.pdf, id=2348, 578.16pt x 433.62pt>
File: fftSimple.pdf Graphic file (type pdf)
<use fftSimple.pdf>
Package pdftex.def Info: fftSimple.pdf  used on input line 6933.
(pdftex.def)             Requested size: 462.52863pt x 346.89647pt.
 [142 <./fftSimple.pdf>] [143] [144] [145] [146]
<rootsBrent.pdf, id=2404, 433.62pt x 289.08pt>
File: rootsBrent.pdf Graphic file (type pdf)
<use rootsBrent.pdf>
Package pdftex.def Info: rootsBrent.pdf  used on input line 7211.
(pdftex.def)             Requested size: 390.2544pt x 260.16959pt.
 [147]
Underfull \vbox (badness 10000) detected at line 7275
 []


Underfull \vbox (badness 10000) detected at line 7275
 []

[148 <./rootsBrent.pdf>] [149] [150] [151] [152

]
Appendix A.
[153]
Overfull \vbox (1.38231pt too high) detected at line 7430
 []

[154] [155] [156

]
Appendix B.
<nbDashboard.jpg, id=2494, 775.89874pt x 414.54875pt>
File: nbDashboard.jpg Graphic file (type jpg)
<use nbDashboard.jpg>
Package pdftex.def Info: nbDashboard.jpg  used on input line 7467.
(pdftex.def)             Requested size: 469.75761pt x 250.97672pt.
<ipyNotebook.jpg, id=2496, 775.89874pt x 325.215pt>
File: ipyNotebook.jpg Graphic file (type jpg)
<use ipyNotebook.jpg>
Package pdftex.def Info: ipyNotebook.jpg  used on input line 7477.
(pdftex.def)             Requested size: 469.75761pt x 196.90207pt.
[157]
<firstIPyNBcells.jpg, id=2504, 775.89874pt x 779.91376pt>
File: firstIPyNBcells.jpg Graphic file (type jpg)
<use firstIPyNBcells.jpg>
Package pdftex.def Info: firstIPyNBcells.jpg  used on input line 7490.
(pdftex.def)             Requested size: 469.75761pt x 472.18845pt.
 [158 <./nbDashboard.jpg>]
<mileageNB.jpg, id=2513, 775.89874pt x 671.50874pt>
File: mileageNB.jpg Graphic file (type jpg)
<use mileageNB.jpg>
Package pdftex.def Info: mileageNB.jpg  used on input line 7512.
(pdftex.def)             Requested size: 469.75761pt x 406.55608pt.
<ipyNoteFinalTop.jpg, id=2514, 775.89874pt x 491.8375pt>
File: ipyNoteFinalTop.jpg Graphic file (type jpg)
<use ipyNoteFinalTop.jpg>
Package pdftex.def Info: ipyNoteFinalTop.jpg  used on input line 7528.
(pdftex.def)             Requested size: 469.75761pt x 297.784pt.
 [159 <./ipyNotebook.jpg>] [160 <./firstIPyNBcells.jpg>] [161 <./mileageNB.jpg>
]
<markdown.jpg, id=2537, 775.89874pt x 556.0775pt>
File: markdown.jpg Graphic file (type jpg)
<use markdown.jpg>
Package pdftex.def Info: markdown.jpg  used on input line 7555.
(pdftex.def)             Requested size: 469.75761pt x 336.66975pt.
<ipyNoteFinalBottom.jpg, id=2539, 775.89874pt x 606.265pt>
File: ipyNoteFinalBottom.jpg Graphic file (type jpg)
<use ipyNoteFinalBottom.jpg>
Package pdftex.def Info: ipyNoteFinalBottom.jpg  used on input line 7568.
(pdftex.def)             Requested size: 469.75761pt x 367.0551pt.
 [162 <./ipyNoteFinalTop.jpg>] [163 <./markdown.jpg>] [164 <./ipyNoteFinalBotto
m.jpg>] [165] [166

]
Appendix C.
[167] (./PyMan.ind [168] [169


]
Underfull \hbox (badness 10000) in paragraph at lines 169--171
[]\T1/txtt/m/n/10 solving non-linear equations\T1/qtm/m/n/10 , \T1/qtm/m/it/10 
see \T1/qtm/m/n/10 non-linear
 []

[170]) (./PyMan.aux)
Package rerunfilecheck Info: File `PyMan.out' has not changed.
(rerunfilecheck)             Checksum: D97075E05B7215EBC23C20C391C33562;29453.
 ) 
Here is how much of TeX's memory you used:
 15965 strings out of 478286
 261234 string characters out of 5846727
 690765 words of memory out of 5000000
 33245 multiletter control sequences out of 15000+600000
 537973 words of font info for 97 fonts, out of 8000000 for 9000
 1142 hyphenation exceptions out of 8191
 70i,20n,76p,2005b,667s stack positions out of 5000i,500n,10000p,200000b,80000s
{/usr/local/texlive/2021/texmf-dist/fonts/enc/dvips/base/8r.enc}{/usr/local/t
exlive/2021/texmf-dist/fonts/enc/dvips/tex-gyre/q-ec.enc}{/usr/local/texlive/20
21/texmf-dist/fonts/enc/dvips/tex-gyre/q-ts1.enc}</usr/local/texlive/2021/texmf
-dist/fonts/type1/public/amsfonts/cm/cmbx10.pfb></usr/local/texlive/2021/texmf-
dist/fonts/type1/public/amsfonts/cm/cmex10.pfb></usr/local/texlive/2021/texmf-d
ist/fonts/type1/public/amsfonts/cm/cmmi10.pfb></usr/local/texlive/2021/texmf-di
st/fonts/type1/public/amsfonts/cm/cmmi12.pfb></usr/local/texlive/2021/texmf-dis
t/fonts/type1/public/amsfonts/cm/cmmi5.pfb></usr/local/texlive/2021/texmf-dist/
fonts/type1/public/amsfonts/cm/cmmi7.pfb></usr/local/texlive/2021/texmf-dist/fo
nts/type1/public/amsfonts/cm/cmr10.pfb></usr/local/texlive/2021/texmf-dist/font
s/type1/public/amsfonts/cm/cmr5.pfb></usr/local/texlive/2021/texmf-dist/fonts/t
ype1/public/amsfonts/cm/cmr7.pfb></usr/local/texlive/2021/texmf-dist/fonts/type
1/public/amsfonts/cm/cmr8.pfb></usr/local/texlive/2021/texmf-dist/fonts/type1/p
ublic/amsfonts/cm/cmss10.pfb></usr/local/texlive/2021/texmf-dist/fonts/type1/pu
blic/amsfonts/cm/cmsy10.pfb></usr/local/texlive/2021/texmf-dist/fonts/type1/pub
lic/amsfonts/cm/cmsy7.pfb></usr/local/texlive/2021/texmf-dist/fonts/type1/publi
c/tex-gyre/qhvb.pfb></usr/local/texlive/2021/texmf-dist/fonts/type1/public/tex-
gyre/qhvbi.pfb></usr/local/texlive/2021/texmf-dist/fonts/type1/public/tex-gyre/
qhvr.pfb></usr/local/texlive/2021/texmf-dist/fonts/type1/public/tex-gyre/qtmb.p
fb></usr/local/texlive/2021/texmf-dist/fonts/type1/public/tex-gyre/qtmbi.pfb></
usr/local/texlive/2021/texmf-dist/fonts/type1/public/tex-gyre/qtmr.pfb></usr/lo
cal/texlive/2021/texmf-dist/fonts/type1/public/tex-gyre/qtmri.pfb></usr/local/t
exlive/2021/texmf-dist/fonts/type1/public/txfonts/t1xbtt.pfb></usr/local/texliv
e/2021/texmf-dist/fonts/type1/public/txfonts/t1xtt.pfb></usr/local/texlive/2021
/texmf-dist/fonts/type1/public/txfonts/t1xtt.pfb></usr/local/texlive/2021/texmf
-dist/fonts/type1/public/txfonts/tcxtt.pfb></usr/local/texlive/2021/texmf-dist/
fonts/type1/urw/times/utmr8a.pfb>
Output written on PyMan.pdf (174 pages, 2505539 bytes).
PDF statistics:
 2921 PDF objects out of 2984 (max. 8388607)
 2044 compressed objects within 21 object streams
 475 named destinations out of 1000 (max. 500000)
 1490 words of extra memory for PDF output out of 10000 (max. 10000000)

