\BOOKMARK [0][-]{chapter.1}{\376\377\000I\000n\000t\000r\000o\000d\000u\000c\000t\000i\000o\000n}{}% 1
\BOOKMARK [1][-]{section.1.1}{\376\377\000I\000n\000t\000r\000o\000d\000u\000c\000t\000i\000o\000n\000\040\000t\000o\000\040\000P\000y\000t\000h\000o\000n\000\040\000a\000n\000d\000\040\000i\000t\000s\000\040\000u\000s\000e\000\040\000i\000n\000\040\000s\000c\000i\000e\000n\000c\000e}{chapter.1}% 2
\BOOKMARK [0][-]{chapter.2}{\376\377\000L\000a\000u\000n\000c\000h\000i\000n\000g\000\040\000P\000y\000t\000h\000o\000n}{}% 3
\BOOKMARK [1][-]{section.2.1}{\376\377\000I\000n\000s\000t\000a\000l\000l\000i\000n\000g\000\040\000P\000y\000t\000h\000o\000n\000\040\000o\000n\000\040\000y\000o\000u\000r\000\040\000c\000o\000m\000p\000u\000t\000e\000r}{chapter.2}% 4
\BOOKMARK [1][-]{section.2.2}{\376\377\000T\000h\000e\000\040\000C\000a\000n\000o\000p\000y\000\040\000w\000i\000n\000d\000o\000w}{chapter.2}% 5
\BOOKMARK [1][-]{section.2.3}{\376\377\000T\000h\000e\000\040\000I\000n\000t\000e\000r\000a\000c\000t\000i\000v\000e\000\040\000P\000y\000t\000h\000o\000n\000\040\000P\000a\000n\000e}{chapter.2}% 6
\BOOKMARK [2][-]{subsection.2.3.1}{\376\377\000M\000a\000g\000i\000c\000\040\000F\000u\000n\000c\000t\000i\000o\000n\000s}{section.2.3}% 7
\BOOKMARK [3][-]{subsubsection*.3}{\376\377\000N\000a\000v\000i\000g\000a\000t\000i\000o\000n\000\040\000C\000o\000m\000m\000a\000n\000d\000s}{subsection.2.3.1}% 8
\BOOKMARK [3][-]{subsubsection*.4}{\376\377\000M\000o\000r\000e\000\040\000M\000a\000g\000i\000c\000\040\000C\000o\000m\000m\000a\000n\000d\000s}{subsection.2.3.1}% 9
\BOOKMARK [2][-]{subsection.2.3.2}{\376\377\000S\000y\000s\000t\000e\000m\000\040\000s\000h\000e\000l\000l\000\040\000c\000o\000m\000m\000a\000n\000d\000s}{section.2.3}% 10
\BOOKMARK [2][-]{subsection.2.3.3}{\376\377\000T\000a\000b\000\040\000c\000o\000m\000p\000l\000e\000t\000i\000o\000n}{section.2.3}% 11
\BOOKMARK [2][-]{subsection.2.3.4}{\376\377\000R\000e\000c\000a\000p\000\040\000o\000f\000\040\000c\000o\000m\000m\000a\000n\000d\000s}{section.2.3}% 12
\BOOKMARK [1][-]{section.2.4}{\376\377\000I\000n\000t\000e\000r\000a\000c\000t\000i\000v\000e\000\040\000P\000y\000t\000h\000o\000n\000\040\000a\000s\000\040\000a\000\040\000c\000a\000l\000c\000u\000l\000a\000t\000o\000r}{chapter.2}% 13
\BOOKMARK [2][-]{subsection.2.4.1}{\376\377\000B\000i\000n\000a\000r\000y\000\040\000a\000r\000i\000t\000h\000m\000e\000t\000i\000c\000\040\000o\000p\000e\000r\000a\000t\000i\000o\000n\000s\000\040\000i\000n\000\040\000P\000y\000t\000h\000o\000n}{section.2.4}% 14
\BOOKMARK [2][-]{subsection.2.4.2}{\376\377\000T\000y\000p\000e\000s\000\040\000o\000f\000\040\000n\000u\000m\000b\000e\000r\000s}{section.2.4}% 15
\BOOKMARK [1][-]{section.2.5}{\376\377\000P\000y\000t\000h\000o\000n\000\040\000M\000o\000d\000u\000l\000e\000s}{chapter.2}% 16
\BOOKMARK [1][-]{section.2.6}{\376\377\000P\000y\000t\000h\000o\000n\000\040\000f\000u\000n\000c\000t\000i\000o\000n\000s\000:\000\040\000a\000\040\000f\000i\000r\000s\000t\000\040\000l\000o\000o\000k}{chapter.2}% 17
\BOOKMARK [2][-]{subsection.2.6.1}{\376\377\000S\000o\000m\000e\000\040\000N\000u\000m\000P\000y\000\040\000f\000u\000n\000c\000t\000i\000o\000n\000s}{section.2.6}% 18
\BOOKMARK [2][-]{subsection.2.6.2}{\376\377\000K\000e\000y\000w\000o\000r\000d\000\040\000a\000r\000g\000u\000m\000e\000n\000t\000s}{section.2.6}% 19
\BOOKMARK [1][-]{section.2.7}{\376\377\000V\000a\000r\000i\000a\000b\000l\000e\000s}{chapter.2}% 20
\BOOKMARK [2][-]{subsection.2.7.1}{\376\377\000N\000a\000m\000e\000s\000\040\000a\000n\000d\000\040\000t\000h\000e\000\040\000a\000s\000s\000i\000g\000n\000m\000e\000n\000t\000\040\000o\000p\000e\000r\000a\000t\000o\000r}{section.2.7}% 21
\BOOKMARK [2][-]{subsection.2.7.2}{\376\377\000L\000e\000g\000a\000l\000\040\000a\000n\000d\000\040\000r\000e\000c\000o\000m\000m\000e\000n\000d\000e\000d\000\040\000v\000a\000r\000i\000a\000b\000l\000e\000\040\000n\000a\000m\000e\000s}{section.2.7}% 22
\BOOKMARK [2][-]{subsection.2.7.3}{\376\377\000R\000e\000s\000e\000r\000v\000e\000d\000\040\000w\000o\000r\000d\000s\000\040\000i\000n\000\040\000P\000y\000t\000h\000o\000n}{section.2.7}% 23
\BOOKMARK [1][-]{section.2.8}{\376\377\000S\000c\000r\000i\000p\000t\000\040\000f\000i\000l\000e\000s\000\040\000a\000n\000d\000\040\000p\000r\000o\000g\000r\000a\000m\000s}{chapter.2}% 24
\BOOKMARK [2][-]{subsection.2.8.1}{\376\377\000S\000c\000r\000i\000p\000t\000i\000n\000g\000\040\000E\000x\000a\000m\000p\000l\000e\000\040\0001}{section.2.8}% 25
\BOOKMARK [3][-]{subsubsection*.5}{\376\377\000N\000o\000t\000e\000\040\000a\000b\000o\000u\000t\000\040\000p\000r\000i\000n\000t\000i\000n\000g}{subsection.2.8.1}% 26
\BOOKMARK [2][-]{subsection.2.8.2}{\376\377\000S\000c\000r\000i\000p\000t\000i\000n\000g\000\040\000E\000x\000a\000m\000p\000l\000e\000\040\0002}{section.2.8}% 27
\BOOKMARK [3][-]{subsubsection*.6}{\376\377\000L\000i\000n\000e\000\040\000c\000o\000n\000t\000i\000n\000u\000a\000t\000i\000o\000n}{subsection.2.8.2}% 28
\BOOKMARK [1][-]{section.2.9}{\376\377\000I\000m\000p\000o\000r\000t\000i\000n\000g\000\040\000M\000o\000d\000u\000l\000e\000s}{chapter.2}% 29
\BOOKMARK [1][-]{section.2.10}{\376\377\000G\000e\000t\000t\000i\000n\000g\000\040\000h\000e\000l\000p\000:\000\040\000d\000o\000c\000u\000m\000e\000n\000t\000a\000t\000i\000o\000n\000\040\000i\000n\000\040\000I\000P\000y\000t\000h\000o\000n\000\040\000s\000h\000e\000l\000l}{chapter.2}% 30
\BOOKMARK [1][-]{section.2.11}{\376\377\000P\000r\000o\000g\000r\000a\000m\000m\000i\000n\000g\000\040\000i\000s\000\040\000a\000\040\000d\000e\000t\000a\000i\000l\000-\000o\000r\000i\000e\000n\000t\000e\000d\000\040\000a\000c\000t\000i\000v\000i\000t\000y}{chapter.2}% 31
\BOOKMARK [1][-]{section.2.12}{\376\377\000E\000x\000e\000r\000c\000i\000s\000e\000s}{chapter.2}% 32
\BOOKMARK [0][-]{chapter.3}{\376\377\000S\000t\000r\000i\000n\000g\000s\000,\000\040\000L\000i\000s\000t\000s\000,\000\040\000A\000r\000r\000a\000y\000s\000,\000\040\000a\000n\000d\000\040\000D\000i\000c\000t\000i\000o\000n\000a\000r\000i\000e\000s}{}% 33
\BOOKMARK [1][-]{section.3.1}{\376\377\000S\000t\000r\000i\000n\000g\000s}{chapter.3}% 34
\BOOKMARK [1][-]{section.3.2}{\376\377\000L\000i\000s\000t\000s}{chapter.3}% 35
\BOOKMARK [2][-]{subsection.3.2.1}{\376\377\000S\000l\000i\000c\000i\000n\000g\000\040\000l\000i\000s\000t\000s}{section.3.2}% 36
\BOOKMARK [2][-]{subsection.3.2.2}{\376\377\000C\000r\000e\000a\000t\000i\000n\000g\000\040\000a\000n\000d\000\040\000m\000o\000d\000i\000f\000y\000i\000n\000g\000\040\000l\000i\000s\000t\000s}{section.3.2}% 37
\BOOKMARK [2][-]{subsection.3.2.3}{\376\377\000T\000u\000p\000l\000e\000s}{section.3.2}% 38
\BOOKMARK [2][-]{subsection.3.2.4}{\376\377\000M\000u\000l\000t\000i\000d\000i\000m\000e\000n\000s\000i\000o\000n\000a\000l\000\040\000l\000i\000s\000t\000s\000\040\000a\000n\000d\000\040\000t\000u\000p\000l\000e\000s}{section.3.2}% 39
\BOOKMARK [1][-]{section.3.3}{\376\377\000N\000u\000m\000P\000y\000\040\000a\000r\000r\000a\000y\000s}{chapter.3}% 40
\BOOKMARK [2][-]{subsection.3.3.1}{\376\377\000C\000r\000e\000a\000t\000i\000n\000g\000\040\000a\000r\000r\000a\000y\000s\000\040\000\050\0001\000-\000d\000\051}{section.3.3}% 41
\BOOKMARK [2][-]{subsection.3.3.2}{\376\377\000M\000a\000t\000h\000e\000m\000a\000t\000i\000c\000a\000l\000\040\000o\000p\000e\000r\000a\000t\000i\000o\000n\000s\000\040\000w\000i\000t\000h\000\040\000a\000r\000r\000a\000y\000s}{section.3.3}% 42
\BOOKMARK [2][-]{subsection.3.3.3}{\376\377\000S\000l\000i\000c\000i\000n\000g\000\040\000a\000n\000d\000\040\000a\000d\000d\000r\000e\000s\000s\000i\000n\000g\000\040\000a\000r\000r\000a\000y\000s}{section.3.3}% 43
\BOOKMARK [2][-]{subsection.3.3.4}{\376\377\000M\000u\000l\000t\000i\000-\000d\000i\000m\000e\000n\000s\000i\000o\000n\000a\000l\000\040\000a\000r\000r\000a\000y\000s\000\040\000a\000n\000d\000\040\000m\000a\000t\000r\000i\000c\000e\000s}{section.3.3}% 44
\BOOKMARK [3][-]{subsubsection*.7}{\376\377\000C\000r\000e\000a\000t\000i\000n\000g\000\040\000N\000u\000m\000P\000y\000\040\000a\000r\000r\000a\000y\000s}{subsection.3.3.4}% 45
\BOOKMARK [3][-]{subsubsection*.8}{\376\377\000I\000n\000d\000e\000x\000i\000n\000g\000\040\000m\000u\000l\000t\000i\000d\000i\000m\000e\000n\000s\000i\000o\000n\000a\000l\000\040\000a\000r\000r\000a\000y\000s}{subsection.3.3.4}% 46
\BOOKMARK [3][-]{subsubsection*.9}{\376\377\000M\000a\000t\000r\000i\000x\000\040\000o\000p\000e\000r\000a\000t\000i\000o\000n\000s}{subsection.3.3.4}% 47
\BOOKMARK [2][-]{subsection.3.3.5}{\376\377\000D\000i\000f\000f\000e\000r\000e\000n\000c\000e\000s\000\040\000b\000e\000t\000w\000e\000e\000n\000\040\000l\000i\000s\000t\000s\000\040\000a\000n\000d\000\040\000a\000r\000r\000a\000y\000s}{section.3.3}% 48
\BOOKMARK [1][-]{section.3.4}{\376\377\000D\000i\000c\000t\000i\000o\000n\000a\000r\000i\000e\000s}{chapter.3}% 49
\BOOKMARK [1][-]{section.3.5}{\376\377\000R\000a\000n\000d\000o\000m\000\040\000n\000u\000m\000b\000e\000r\000s}{chapter.3}% 50
\BOOKMARK [2][-]{subsection.3.5.1}{\376\377\000U\000n\000i\000f\000o\000r\000m\000l\000y\000\040\000d\000i\000s\000t\000r\000i\000b\000u\000t\000e\000d\000\040\000r\000a\000n\000d\000o\000m\000\040\000n\000u\000m\000b\000e\000r\000s}{section.3.5}% 51
\BOOKMARK [2][-]{subsection.3.5.2}{\376\377\000N\000o\000r\000m\000a\000l\000l\000y\000\040\000d\000i\000s\000t\000r\000i\000b\000u\000t\000e\000d\000\040\000r\000a\000n\000d\000o\000m\000\040\000n\000u\000m\000b\000e\000r\000s}{section.3.5}% 52
\BOOKMARK [2][-]{subsection.3.5.3}{\376\377\000R\000a\000n\000d\000o\000m\000\040\000d\000i\000s\000t\000r\000i\000b\000u\000t\000i\000o\000n\000\040\000o\000f\000\040\000i\000n\000t\000e\000g\000e\000r\000s}{section.3.5}% 53
\BOOKMARK [2][-]{subsection.3.5.4}{\376\377\000L\000o\000a\000d\000i\000n\000g\000\040\000r\000a\000n\000d\000o\000m\000\040\000n\000u\000m\000b\000e\000r\000\040\000f\000u\000n\000c\000t\000i\000o\000n\000s}{section.3.5}% 54
\BOOKMARK [1][-]{section.3.6}{\376\377\000E\000x\000e\000r\000c\000i\000s\000e\000s}{chapter.3}% 55
\BOOKMARK [0][-]{chapter.4}{\376\377\000I\000n\000p\000u\000t\000\040\000a\000n\000d\000\040\000O\000u\000t\000p\000u\000t}{}% 56
\BOOKMARK [1][-]{section.4.1}{\376\377\000K\000e\000y\000b\000o\000a\000r\000d\000\040\000i\000n\000p\000u\000t}{chapter.4}% 57
\BOOKMARK [1][-]{section.4.2}{\376\377\000S\000c\000r\000e\000e\000n\000\040\000o\000u\000t\000p\000u\000t}{chapter.4}% 58
\BOOKMARK [2][-]{subsection.4.2.1}{\376\377\000F\000o\000r\000m\000a\000t\000t\000i\000n\000g\000\040\000o\000u\000t\000p\000u\000t\000\040\000w\000i\000t\000h\000\040\000s\000t\000r\000.\000f\000o\000r\000m\000a\000t\000\050\000\051}{section.4.2}% 59
\BOOKMARK [2][-]{subsection.4.2.2}{\376\377\000P\000r\000i\000n\000t\000i\000n\000g\000\040\000a\000r\000r\000a\000y\000s}{section.4.2}% 60
\BOOKMARK [1][-]{section.4.3}{\376\377\000F\000i\000l\000e\000\040\000i\000n\000p\000u\000t}{chapter.4}% 61
\BOOKMARK [2][-]{subsection.4.3.1}{\376\377\000R\000e\000a\000d\000i\000n\000g\000\040\000d\000a\000t\000a\000\040\000f\000r\000o\000m\000\040\000a\000\040\000t\000e\000x\000t\000\040\000f\000i\000l\000e}{section.4.3}% 62
\BOOKMARK [2][-]{subsection.4.3.2}{\376\377\000R\000e\000a\000d\000i\000n\000g\000\040\000d\000a\000t\000a\000\040\000f\000r\000o\000m\000\040\000a\000\040\000C\000S\000V\000\040\000f\000i\000l\000e}{section.4.3}% 63
\BOOKMARK [1][-]{section.4.4}{\376\377\000F\000i\000l\000e\000\040\000o\000u\000t\000p\000u\000t}{chapter.4}% 64
\BOOKMARK [2][-]{subsection.4.4.1}{\376\377\000W\000r\000i\000t\000i\000n\000g\000\040\000d\000a\000t\000a\000\040\000t\000o\000\040\000a\000\040\000t\000e\000x\000t\000\040\000f\000i\000l\000e}{section.4.4}% 65
\BOOKMARK [2][-]{subsection.4.4.2}{\376\377\000W\000r\000i\000t\000i\000n\000g\000\040\000d\000a\000t\000a\000\040\000t\000o\000\040\000a\000\040\000C\000S\000V\000\040\000f\000i\000l\000e}{section.4.4}% 66
\BOOKMARK [1][-]{section.4.5}{\376\377\000E\000x\000e\000r\000c\000i\000s\000e\000s}{chapter.4}% 67
\BOOKMARK [0][-]{chapter.5}{\376\377\000P\000l\000o\000t\000t\000i\000n\000g}{}% 68
\BOOKMARK [1][-]{section.5.1}{\376\377\000A\000n\000\040\000i\000n\000t\000e\000r\000a\000c\000t\000i\000v\000e\000\040\000s\000e\000s\000s\000i\000o\000n\000\040\000w\000i\000t\000h\000\040\000p\000y\000p\000l\000o\000t}{chapter.5}% 69
\BOOKMARK [1][-]{section.5.2}{\376\377\000B\000a\000s\000i\000c\000\040\000p\000l\000o\000t\000t\000i\000n\000g}{chapter.5}% 70
\BOOKMARK [2][-]{subsection.5.2.1}{\376\377\000S\000p\000e\000c\000i\000f\000y\000i\000n\000g\000\040\000l\000i\000n\000e\000\040\000a\000n\000d\000\040\000s\000y\000m\000b\000o\000l\000\040\000t\000y\000p\000e\000s\000\040\000a\000n\000d\000\040\000c\000o\000l\000o\000r\000s}{section.5.2}% 71
\BOOKMARK [2][-]{subsection.5.2.2}{\376\377\000E\000r\000r\000o\000r\000\040\000b\000a\000r\000s}{section.5.2}% 72
\BOOKMARK [2][-]{subsection.5.2.3}{\376\377\000S\000e\000t\000t\000i\000n\000g\000\040\000p\000l\000o\000t\000t\000i\000n\000g\000\040\000l\000i\000m\000i\000t\000s\000\040\000a\000n\000d\000\040\000e\000x\000c\000l\000u\000d\000i\000n\000g\000\040\000d\000a\000t\000a}{section.5.2}% 73
\BOOKMARK [3][-]{subsubsection*.10}{\376\377\000S\000e\000t\000t\000i\000n\000g\000\040\000p\000l\000o\000t\000t\000i\000n\000g\000\040\000l\000i\000m\000i\000t\000s}{subsection.5.2.3}% 74
\BOOKMARK [3][-]{subsubsection*.11}{\376\377\000M\000a\000s\000k\000e\000d\000\040\000a\000r\000r\000a\000y\000s}{subsection.5.2.3}% 75
\BOOKMARK [2][-]{subsection.5.2.4}{\376\377\000S\000u\000b\000p\000l\000o\000t\000s}{section.5.2}% 76
\BOOKMARK [1][-]{section.5.3}{\376\377\000L\000o\000g\000a\000r\000i\000t\000h\000m\000i\000c\000\040\000p\000l\000o\000t\000s}{chapter.5}% 77
\BOOKMARK [2][-]{subsection.5.3.1}{\376\377\000S\000e\000m\000i\000-\000l\000o\000g\000\040\000p\000l\000o\000t\000s}{section.5.3}% 78
\BOOKMARK [3][-]{subsubsection*.12}{\376\377\000T\000h\000e\000\040\000t\000i\000g\000h\000t\000\137\000l\000a\000y\000o\000u\000t\000\050\000\051\000\040\000f\000u\000n\000c\000t\000i\000o\000n}{subsection.5.3.1}% 79
\BOOKMARK [2][-]{subsection.5.3.2}{\376\377\000L\000o\000g\000-\000l\000o\000g\000\040\000p\000l\000o\000t\000s}{section.5.3}% 80
\BOOKMARK [1][-]{section.5.4}{\376\377\000M\000o\000r\000e\000\040\000a\000d\000v\000a\000n\000c\000e\000d\000\040\000g\000r\000a\000p\000h\000i\000c\000a\000l\000\040\000o\000u\000t\000p\000u\000t}{chapter.5}% 81
\BOOKMARK [1][-]{section.5.5}{\376\377\000E\000x\000e\000r\000c\000i\000s\000e\000s}{chapter.5}% 82
\BOOKMARK [0][-]{chapter.6}{\376\377\000C\000o\000n\000d\000i\000t\000i\000o\000n\000a\000l\000s\000\040\000a\000n\000d\000\040\000L\000o\000o\000p\000s}{}% 83
\BOOKMARK [1][-]{section.6.1}{\376\377\000C\000o\000n\000d\000i\000t\000i\000o\000n\000a\000l\000s}{chapter.6}% 84
\BOOKMARK [2][-]{subsection.6.1.1}{\376\377\000i\000f\000,\000\040\000e\000l\000i\000f\000,\000\040\000a\000n\000d\000\040\000e\000l\000s\000e\000\040\000s\000t\000a\000t\000e\000m\000e\000n\000t\000s}{section.6.1}% 85
\BOOKMARK [3][-]{subsubsection*.13}{\376\377\000i\000f\000-\000e\000l\000i\000f\000-\000e\000l\000s\000e\000\040\000e\000x\000a\000m\000p\000l\000e}{subsection.6.1.1}% 86
\BOOKMARK [3][-]{subsubsection*.14}{\376\377\000i\000f\000-\000e\000l\000s\000e\000\040\000e\000x\000a\000m\000p\000l\000e}{subsection.6.1.1}% 87
\BOOKMARK [3][-]{subsubsection*.15}{\376\377\000i\000f\000\040\000e\000x\000a\000m\000p\000l\000e}{subsection.6.1.1}% 88
\BOOKMARK [2][-]{subsection.6.1.2}{\376\377\000L\000o\000g\000i\000c\000a\000l\000\040\000o\000p\000e\000r\000a\000t\000o\000r\000s}{section.6.1}% 89
\BOOKMARK [1][-]{section.6.2}{\376\377\000L\000o\000o\000p\000s}{chapter.6}% 90
\BOOKMARK [2][-]{subsection.6.2.1}{\376\377\000f\000o\000r\000\040\000l\000o\000o\000p\000s}{section.6.2}% 91
\BOOKMARK [2][-]{subsection.6.2.2}{\376\377\000A\000c\000c\000u\000m\000u\000l\000a\000t\000o\000r\000s}{section.6.2}% 92
\BOOKMARK [2][-]{subsection.6.2.3}{\376\377\000w\000h\000i\000l\000e\000\040\000l\000o\000o\000p\000s}{section.6.2}% 93
\BOOKMARK [2][-]{subsection.6.2.4}{\376\377\000L\000o\000o\000p\000s\000\040\000a\000n\000d\000\040\000a\000r\000r\000a\000y\000\040\000o\000p\000e\000r\000a\000t\000i\000o\000n\000s}{section.6.2}% 94
\BOOKMARK [1][-]{section.6.3}{\376\377\000L\000i\000s\000t\000\040\000C\000o\000m\000p\000r\000e\000h\000e\000n\000s\000i\000o\000n\000s}{chapter.6}% 95
\BOOKMARK [1][-]{section.6.4}{\376\377\000E\000x\000e\000r\000c\000i\000s\000e\000s}{chapter.6}% 96
\BOOKMARK [0][-]{chapter.7}{\376\377\000F\000u\000n\000c\000t\000i\000o\000n\000s}{}% 97
\BOOKMARK [1][-]{section.7.1}{\376\377\000U\000s\000e\000r\000-\000d\000e\000f\000i\000n\000e\000d\000\040\000f\000u\000n\000c\000t\000i\000o\000n\000s}{chapter.7}% 98
\BOOKMARK [2][-]{subsection.7.1.1}{\376\377\000L\000o\000o\000p\000i\000n\000g\000\040\000o\000v\000e\000r\000\040\000a\000r\000r\000a\000y\000s\000\040\000i\000n\000\040\000u\000s\000e\000r\000-\000d\000e\000f\000i\000n\000e\000d\000\040\000f\000u\000n\000c\000t\000i\000o\000n\000s}{section.7.1}% 99
\BOOKMARK [2][-]{subsection.7.1.2}{\376\377\000F\000a\000s\000t\000\040\000a\000r\000r\000a\000y\000\040\000p\000r\000o\000c\000e\000s\000s\000i\000n\000g\000\040\000i\000n\000\040\000u\000s\000e\000r\000-\000d\000e\000f\000i\000n\000e\000d\000\040\000f\000u\000n\000c\000t\000i\000o\000n\000s}{section.7.1}% 100
\BOOKMARK [3][-]{subsubsection*.16}{\376\377\000T\000h\000e\000\040\000m\000o\000r\000a\000l\000\040\000o\000f\000\040\000t\000h\000e\000\040\000s\000t\000o\000r\000y}{subsection.7.1.2}% 101
\BOOKMARK [2][-]{subsection.7.1.3}{\376\377\000F\000u\000n\000c\000t\000i\000o\000n\000s\000\040\000w\000i\000t\000h\000\040\000m\000o\000r\000e\000\040\000\050\000o\000r\000\040\000l\000e\000s\000s\000\051\000\040\000t\000h\000a\000n\000\040\000o\000n\000e\000\040\000i\000n\000p\000u\000t\000\040\000o\000r\000\040\000o\000u\000t\000p\000u\000t}{section.7.1}% 102
\BOOKMARK [2][-]{subsection.7.1.4}{\376\377\000P\000o\000s\000i\000t\000i\000o\000n\000a\000l\000\040\000a\000n\000d\000\040\000k\000e\000y\000w\000o\000r\000d\000\040\000a\000r\000g\000u\000m\000e\000n\000t\000s}{section.7.1}% 103
\BOOKMARK [2][-]{subsection.7.1.5}{\376\377\000V\000a\000r\000i\000a\000b\000l\000e\000\040\000n\000u\000m\000b\000e\000r\000\040\000o\000f\000\040\000a\000r\000g\000u\000m\000e\000n\000t\000s}{section.7.1}% 104
\BOOKMARK [2][-]{subsection.7.1.6}{\376\377\000P\000a\000s\000s\000i\000n\000g\000\040\000d\000a\000t\000a\000\040\000t\000o\000\040\000a\000n\000d\000\040\000f\000r\000o\000m\000\040\000f\000u\000n\000c\000t\000i\000o\000n\000s}{section.7.1}% 105
\BOOKMARK [3][-]{subsubsection*.17}{\376\377\000V\000a\000r\000i\000a\000b\000l\000e\000s\000\040\000a\000n\000d\000\040\000a\000r\000r\000a\000y\000s\000\040\000c\000r\000e\000a\000t\000e\000d\000\040\000e\000n\000t\000i\000r\000e\000l\000y\000\040\000w\000i\000t\000h\000i\000n\000\040\000a\000\040\000f\000u\000n\000c\000t\000i\000o\000n}{subsection.7.1.6}% 106
\BOOKMARK [3][-]{subsubsection*.18}{\376\377\000P\000a\000s\000s\000i\000n\000g\000\040\000v\000a\000r\000i\000a\000b\000l\000e\000s\000\040\000a\000n\000d\000\040\000a\000r\000r\000a\000y\000s\000\040\000t\000o\000\040\000f\000u\000n\000c\000t\000i\000o\000n\000s\000:\000\040\000m\000u\000t\000a\000b\000l\000e\000\040\000a\000n\000d\000\040\000i\000m\000m\000u\000t\000a\000b\000l\000e\000\040\000o\000b\000j\000e\000c\000t\000s}{subsection.7.1.6}% 107
\BOOKMARK [1][-]{section.7.2}{\376\377\000M\000e\000t\000h\000o\000d\000s\000\040\000a\000n\000d\000\040\000a\000t\000t\000r\000i\000b\000u\000t\000e\000s}{chapter.7}% 108
\BOOKMARK [1][-]{section.7.3}{\376\377\000E\000x\000a\000m\000p\000l\000e\000:\000\040\000l\000i\000n\000e\000a\000r\000\040\000l\000e\000a\000s\000t\000\040\000s\000q\000u\000a\000r\000e\000s\000\040\000f\000i\000t\000t\000i\000n\000g}{chapter.7}% 109
\BOOKMARK [2][-]{subsection.7.3.1}{\376\377\000L\000i\000n\000e\000a\000r\000\040\000r\000e\000g\000r\000e\000s\000s\000i\000o\000n}{section.7.3}% 110
\BOOKMARK [2][-]{subsection.7.3.2}{\376\377\000L\000i\000n\000e\000a\000r\000\040\000r\000e\000g\000r\000e\000s\000s\000i\000o\000n\000\040\000w\000i\000t\000h\000\040\000w\000e\000i\000g\000h\000t\000i\000n\000g\000:\000\040\0002}{section.7.3}% 111
\BOOKMARK [1][-]{section.7.4}{\376\377\000A\000n\000o\000n\000y\000m\000o\000u\000s\000\040\000f\000u\000n\000c\000t\000i\000o\000n\000s\000\040\000\050\000l\000a\000m\000b\000d\000a\000\051}{chapter.7}% 112
\BOOKMARK [1][-]{section.7.5}{\376\377\000E\000x\000e\000r\000c\000i\000s\000e\000s}{chapter.7}% 113
\BOOKMARK [0][-]{chapter.8}{\376\377\000C\000u\000r\000v\000e\000\040\000F\000i\000t\000t\000i\000n\000g}{}% 114
\BOOKMARK [1][-]{section.8.1}{\376\377\000U\000s\000i\000n\000g\000\040\000l\000i\000n\000e\000a\000r\000\040\000r\000e\000g\000r\000e\000s\000s\000i\000o\000n\000\040\000f\000o\000r\000\040\000f\000i\000t\000t\000i\000n\000g\000\040\000n\000o\000n\000-\000l\000i\000n\000e\000a\000r\000\040\000f\000u\000n\000c\000t\000i\000o\000n\000s}{chapter.8}% 115
\BOOKMARK [2][-]{subsection.8.1.1}{\376\377\000L\000i\000n\000e\000a\000r\000\040\000r\000e\000g\000r\000e\000s\000s\000i\000o\000n\000\040\000f\000o\000r\000\040\000f\000i\000t\000t\000i\000n\000g\000\040\000a\000n\000\040\000e\000x\000p\000o\000n\000e\000n\000t\000i\000a\000l\000\040\000f\000u\000n\000c\000t\000i\000o\000n}{section.8.1}% 116
\BOOKMARK [2][-]{subsection.8.1.2}{\376\377\000L\000i\000n\000e\000a\000r\000\040\000r\000e\000g\000r\000e\000s\000s\000i\000o\000n\000\040\000f\000o\000r\000\040\000f\000i\000t\000t\000i\000n\000g\000\040\000a\000\040\000p\000o\000w\000e\000r\000-\000l\000a\000w\000\040\000f\000u\000n\000c\000t\000i\000o\000n}{section.8.1}% 117
\BOOKMARK [1][-]{section.8.2}{\376\377\000N\000o\000n\000l\000i\000n\000e\000a\000r\000\040\000f\000i\000t\000t\000i\000n\000g}{chapter.8}% 118
\BOOKMARK [1][-]{section.8.3}{\376\377\000E\000x\000e\000r\000c\000i\000s\000e\000s}{chapter.8}% 119
\BOOKMARK [0][-]{chapter.9}{\376\377\000N\000u\000m\000e\000r\000i\000c\000a\000l\000\040\000R\000o\000u\000t\000i\000n\000e\000s\000:\000\040\000S\000c\000i\000P\000y\000\040\000a\000n\000d\000\040\000N\000u\000m\000P\000y}{}% 120
\BOOKMARK [1][-]{section.9.1}{\376\377\000S\000p\000e\000c\000i\000a\000l\000\040\000f\000u\000n\000c\000t\000i\000o\000n\000s}{chapter.9}% 121
\BOOKMARK [1][-]{section.9.2}{\376\377\000N\000u\000m\000e\000r\000i\000c\000a\000l\000\040\000i\000n\000t\000e\000g\000r\000a\000t\000i\000o\000n}{chapter.9}% 122
\BOOKMARK [2][-]{subsection.9.2.1}{\376\377\000S\000i\000n\000g\000l\000e\000\040\000i\000n\000t\000e\000g\000r\000a\000l\000s}{section.9.2}% 123
\BOOKMARK [3][-]{subsubsection*.19}{\376\377\000I\000n\000t\000e\000g\000r\000a\000t\000i\000n\000g\000\040\000p\000o\000l\000y\000n\000o\000m\000i\000a\000l\000s}{subsection.9.2.1}% 124
\BOOKMARK [2][-]{subsection.9.2.2}{\376\377\000D\000o\000u\000b\000l\000e\000\040\000i\000n\000t\000e\000g\000r\000a\000l\000s}{section.9.2}% 125
\BOOKMARK [3][-]{subsubsection*.20}{\376\377\000O\000t\000h\000e\000r\000\040\000i\000n\000t\000e\000g\000r\000a\000t\000i\000o\000n\000\040\000r\000o\000u\000t\000i\000n\000e\000s}{subsection.9.2.2}% 126
\BOOKMARK [1][-]{section.9.3}{\376\377\000S\000o\000l\000v\000i\000n\000g\000\040\000O\000D\000E\000s}{chapter.9}% 127
\BOOKMARK [1][-]{section.9.4}{\376\377\000D\000i\000s\000c\000r\000e\000t\000e\000\040\000\050\000f\000a\000s\000t\000\051\000\040\000F\000o\000u\000r\000i\000e\000r\000\040\000t\000r\000a\000n\000s\000f\000o\000r\000m\000s}{chapter.9}% 128
\BOOKMARK [2][-]{subsection.9.4.1}{\376\377\000C\000o\000n\000t\000i\000n\000u\000o\000u\000s\000\040\000a\000n\000d\000\040\000d\000i\000s\000c\000r\000e\000t\000e\000\040\000F\000o\000u\000r\000i\000e\000r\000\040\000t\000r\000a\000n\000s\000f\000o\000r\000m\000s}{section.9.4}% 129
\BOOKMARK [2][-]{subsection.9.4.2}{\376\377\000T\000h\000e\000\040\000S\000c\000i\000P\000y\000\040\000F\000F\000T\000\040\000l\000i\000b\000r\000a\000r\000y}{section.9.4}% 130
\BOOKMARK [1][-]{section.9.5}{\376\377\000L\000i\000n\000e\000a\000r\000\040\000a\000l\000g\000e\000b\000r\000a}{chapter.9}% 131
\BOOKMARK [2][-]{subsection.9.5.1}{\376\377\000B\000a\000s\000i\000c\000\040\000c\000o\000m\000p\000u\000t\000a\000t\000i\000o\000n\000s\000\040\000i\000n\000\040\000l\000i\000n\000e\000a\000r\000\040\000a\000l\000g\000e\000b\000r\000a}{section.9.5}% 132
\BOOKMARK [2][-]{subsection.9.5.2}{\376\377\000S\000o\000l\000v\000i\000n\000g\000\040\000s\000y\000s\000t\000e\000m\000s\000\040\000o\000f\000\040\000l\000i\000n\000e\000a\000r\000\040\000e\000q\000u\000a\000t\000i\000o\000n\000s}{section.9.5}% 133
\BOOKMARK [2][-]{subsection.9.5.3}{\376\377\000E\000i\000g\000e\000n\000v\000a\000l\000u\000e\000\040\000p\000r\000o\000b\000l\000e\000m\000s}{section.9.5}% 134
\BOOKMARK [3][-]{subsubsection*.21}{\376\377\000G\000e\000n\000e\000r\000a\000l\000i\000z\000e\000d\000\040\000e\000i\000g\000e\000n\000v\000a\000l\000u\000e\000\040\000p\000r\000o\000b\000l\000e\000m}{subsection.9.5.3}% 135
\BOOKMARK [3][-]{subsubsection*.22}{\376\377\000H\000e\000r\000m\000i\000t\000i\000a\000n\000\040\000a\000n\000d\000\040\000b\000a\000n\000d\000e\000d\000\040\000m\000a\000t\000r\000i\000c\000e\000s}{subsection.9.5.3}% 136
\BOOKMARK [1][-]{section.9.6}{\376\377\000S\000o\000l\000v\000i\000n\000g\000\040\000n\000o\000n\000-\000l\000i\000n\000e\000a\000r\000\040\000e\000q\000u\000a\000t\000i\000o\000n\000s}{chapter.9}% 137
\BOOKMARK [2][-]{subsection.9.6.1}{\376\377\000S\000i\000n\000g\000l\000e\000\040\000e\000q\000u\000a\000t\000i\000o\000n\000s\000\040\000o\000f\000\040\000a\000\040\000s\000i\000n\000g\000l\000e\000\040\000v\000a\000r\000i\000a\000b\000l\000e}{section.9.6}% 138
\BOOKMARK [3][-]{subsubsection*.23}{\376\377\000B\000r\000e\000n\000t\000\040\000m\000e\000t\000h\000o\000d}{subsection.9.6.1}% 139
\BOOKMARK [3][-]{subsubsection*.24}{\376\377\000O\000t\000h\000e\000r\000\040\000m\000e\000t\000h\000o\000d\000s\000\040\000f\000o\000r\000\040\000s\000o\000l\000v\000i\000n\000g\000\040\000e\000q\000u\000a\000t\000i\000o\000n\000s\000\040\000o\000f\000\040\000a\000\040\000s\000i\000n\000g\000l\000e\000\040\000v\000a\000r\000i\000a\000b\000l\000e}{subsection.9.6.1}% 140
\BOOKMARK [2][-]{subsection.9.6.2}{\376\377\000S\000o\000l\000v\000i\000n\000g\000\040\000s\000y\000s\000t\000e\000m\000s\000\040\000o\000f\000\040\000n\000o\000n\000l\000i\000n\000e\000a\000r\000\040\000e\000q\000u\000a\000t\000i\000o\000n\000s}{section.9.6}% 141
\BOOKMARK [1][-]{section.9.7}{\376\377\000E\000x\000e\000r\000c\000i\000s\000e\000s}{chapter.9}% 142
\BOOKMARK [0][-]{appendix.A}{\376\377\000I\000n\000s\000t\000a\000l\000l\000i\000n\000g\000\040\000P\000y\000t\000h\000o\000n}{}% 143
\BOOKMARK [1][-]{section.A.1}{\376\377\000I\000n\000s\000t\000a\000l\000l\000i\000n\000g\000\040\000P\000y\000t\000h\000o\000n}{appendix.A}% 144
\BOOKMARK [1][-]{section.A.2}{\376\377\000T\000e\000s\000t\000i\000n\000g\000\040\000y\000o\000u\000r\000\040\000i\000n\000s\000t\000a\000l\000l\000a\000t\000i\000o\000n\000\040\000o\000f\000\040\000P\000y\000t\000h\000o\000n}{appendix.A}% 145
\BOOKMARK [0][-]{appendix.B}{\376\377\000I\000P\000y\000t\000h\000o\000n\000\040\000N\000o\000t\000e\000b\000o\000o\000k\000s}{}% 146
\BOOKMARK [1][-]{section.B.1}{\376\377\000A\000n\000\040\000i\000n\000t\000e\000r\000a\000c\000t\000i\000v\000e\000\040\000i\000n\000t\000e\000r\000f\000a\000c\000e}{appendix.B}% 147
\BOOKMARK [1][-]{section.B.2}{\376\377\000I\000n\000s\000t\000a\000l\000l\000i\000n\000g\000\040\000a\000n\000d\000\040\000l\000a\000u\000n\000c\000h\000i\000n\000g\000\040\000a\000n\000\040\000I\000P\000y\000t\000h\000o\000n\000\040\000n\000o\000t\000e\000b\000o\000o\000k}{appendix.B}% 148
\BOOKMARK [1][-]{section.B.3}{\376\377\000U\000s\000i\000n\000g\000\040\000a\000n\000\040\000I\000P\000y\000t\000h\000o\000n\000\040\000N\000o\000t\000e\000b\000o\000o\000k}{appendix.B}% 149
\BOOKMARK [1][-]{section.B.4}{\376\377\000R\000u\000n\000n\000i\000n\000g\000\040\000p\000r\000o\000g\000r\000a\000m\000s\000\040\000i\000n\000\040\000a\000n\000\040\000I\000P\000y\000t\000h\000o\000n\000\040\000N\000o\000t\000e\000b\000o\000o\000k}{appendix.B}% 150
\BOOKMARK [1][-]{section.B.5}{\376\377\000A\000n\000n\000o\000t\000a\000t\000i\000n\000g\000\040\000a\000n\000\040\000I\000P\000y\000t\000h\000o\000n\000\040\000N\000o\000t\000e\000b\000o\000o\000k}{appendix.B}% 151
\BOOKMARK [1][-]{section.B.6}{\376\377\000E\000d\000i\000t\000i\000n\000g\000\040\000a\000n\000d\000\040\000r\000e\000r\000u\000n\000n\000i\000n\000g\000\040\000a\000\040\000n\000o\000t\000e\000b\000o\000o\000k}{appendix.B}% 152
\BOOKMARK [1][-]{section.B.7}{\376\377\000Q\000u\000i\000t\000t\000i\000n\000g\000\040\000a\000n\000\040\000I\000P\000y\000t\000h\000o\000n\000\040\000n\000o\000t\000e\000b\000o\000o\000k}{appendix.B}% 153
\BOOKMARK [1][-]{section.B.8}{\376\377\000W\000o\000r\000k\000i\000n\000g\000\040\000w\000i\000t\000h\000\040\000a\000n\000\040\000e\000x\000i\000s\000t\000i\000n\000g\000\040\000I\000P\000y\000t\000h\000o\000n\000\040\000n\000o\000t\000e\000b\000o\000o\000k}{appendix.B}% 154
\BOOKMARK [0][-]{appendix.C}{\376\377\000P\000y\000t\000h\000o\000n\000\040\000R\000e\000s\000o\000u\000r\000c\000e\000s}{}% 155
\BOOKMARK [1][-]{section.C.1}{\376\377\000W\000e\000b\000\040\000r\000e\000s\000o\000u\000r\000c\000e\000s}{appendix.C}% 156
\BOOKMARK [1][-]{section.C.2}{\376\377\000B\000o\000o\000k\000s}{appendix.C}% 157
\BOOKMARK [0][-]{section*.29}{\376\377\000I\000n\000d\000e\000x}{}% 158
